2025-09-30T02:06:35.299+05:30  WARN 24488 --- [neosoftToDo] [HikariPool-1 housekeeper] com.zaxxer.hikari.pool.HikariPool        : HikariPool-1 - Thread starvation or clock leap detected (housekeeper delta=6h10m24s577ms848µs200ns).
2025-09-30T09:38:58.077+05:30  WARN 24488 --- [neosoftToDo] [HikariPool-1 housekeeper] com.zaxxer.hikari.pool.HikariPool        : HikariPool-1 - Thread starvation or clock leap detected (housekeeper delta=7h32m26s507ms190µs700ns).
2025-09-30T09:44:08.799+05:30  WARN 24488 --- [neosoftToDo] [HikariPool-1 housekeeper] com.zaxxer.hikari.pool.HikariPool        : HikariPool-1 - Thread starvation or clock leap detected (housekeeper delta=1m40s674ms599µs800ns).
2025-09-30T11:27:13.727+05:30  WARN 24488 --- [neosoftToDo] [HikariPool-1 housekeeper] com.zaxxer.hikari.pool.HikariPool        : HikariPool-1 - Thread starvation or clock leap detected (housekeeper delta=8m24s960ms721µs100ns).
2025-09-30T13:03:23.950+05:30  INFO 24488 --- [neosoftToDo] [SpringApplicationShutdownHook] o.s.b.w.e.tomcat.GracefulShutdown        : Commencing graceful shutdown. Waiting for active requests to complete
2025-09-30T13:03:24.054+05:30  INFO 24488 --- [neosoftToDo] [tomcat-shutdown] o.s.b.w.e.tomcat.GracefulShutdown        : Graceful shutdown complete
2025-09-30T13:03:24.062+05:30  INFO 24488 --- [neosoftToDo] [SpringApplicationShutdownHook] j.LocalContainerEntityManagerFactoryBean : Closing JPA EntityManagerFactory for persistence unit 'default'
2025-09-30T13:03:24.075+05:30  INFO 24488 --- [neosoftToDo] [SpringApplicationShutdownHook] com.zaxxer.hikari.HikariDataSource       : HikariPool-1 - Shutdown initiated...
2025-09-30T13:03:24.078+05:30  INFO 24488 --- [neosoftToDo] [SpringApplicationShutdownHook] com.zaxxer.hikari.HikariDataSource       : HikariPool-1 - Shutdown completed.
2025-09-30T13:03:38.457+05:30  INFO 26460 --- [neosoftToDo] [main] c.n.neosoftToDo.NeosoftToDoApplication   : Starting NeosoftToDoApplication using Java 17.0.12 with PID 26460 (C:\Users\Client\Desktop\neosoftToDo\target\classes started by Client in C:\Users\Client\Desktop\neosoftToDo)
2025-09-30T13:03:38.460+05:30  INFO 26460 --- [neosoftToDo] [main] c.n.neosoftToDo.NeosoftToDoApplication   : No active profile set, falling back to 1 default profile: "default"
2025-09-30T13:03:39.296+05:30  INFO 26460 --- [neosoftToDo] [main] .s.d.r.c.RepositoryConfigurationDelegate : Bootstrapping Spring Data JPA repositories in DEFAULT mode.
2025-09-30T13:03:39.377+05:30  INFO 26460 --- [neosoftToDo] [main] .s.d.r.c.RepositoryConfigurationDelegate : Finished Spring Data repository scanning in 60 ms. Found 1 JPA repository interface.
2025-09-30T13:03:40.090+05:30  INFO 26460 --- [neosoftToDo] [main] o.s.b.w.embedded.tomcat.TomcatWebServer  : Tomcat initialized with port 8080 (http)
2025-09-30T13:03:40.102+05:30  INFO 26460 --- [neosoftToDo] [main] o.apache.catalina.core.StandardService   : Starting service [Tomcat]
2025-09-30T13:03:40.102+05:30  INFO 26460 --- [neosoftToDo] [main] o.apache.catalina.core.StandardEngine    : Starting Servlet engine: [Apache Tomcat/10.1.46]
2025-09-30T13:03:40.169+05:30  INFO 26460 --- [neosoftToDo] [main] o.a.c.c.C.[Tomcat].[localhost].[/]       : Initializing Spring embedded WebApplicationContext
2025-09-30T13:03:40.170+05:30  INFO 26460 --- [neosoftToDo] [main] w.s.c.ServletWebServerApplicationContext : Root WebApplicationContext: initialization completed in 1643 ms
2025-09-30T13:03:40.372+05:30  INFO 26460 --- [neosoftToDo] [main] o.hibernate.jpa.internal.util.LogHelper  : HHH000204: Processing PersistenceUnitInfo [name: default]
2025-09-30T13:03:40.444+05:30  INFO 26460 --- [neosoftToDo] [main] org.hibernate.Version                    : HHH000412: Hibernate ORM core version 6.6.29.Final
2025-09-30T13:03:40.483+05:30  INFO 26460 --- [neosoftToDo] [main] o.h.c.internal.RegionFactoryInitiator    : HHH000026: Second-level cache disabled
2025-09-30T13:03:40.923+05:30  INFO 26460 --- [neosoftToDo] [main] o.s.o.j.p.SpringPersistenceUnitInfo      : No LoadTimeWeaver setup: ignoring JPA class transformer
2025-09-30T13:03:40.970+05:30  INFO 26460 --- [neosoftToDo] [main] com.zaxxer.hikari.HikariDataSource       : HikariPool-1 - Starting...
2025-09-30T13:03:41.177+05:30  INFO 26460 --- [neosoftToDo] [main] com.zaxxer.hikari.pool.HikariPool        : HikariPool-1 - Added connection com.mysql.cj.jdbc.ConnectionImpl@30c01c37
2025-09-30T13:03:41.180+05:30  INFO 26460 --- [neosoftToDo] [main] com.zaxxer.hikari.HikariDataSource       : HikariPool-1 - Start completed.
2025-09-30T13:03:41.280+05:30  INFO 26460 --- [neosoftToDo] [main] org.hibernate.orm.connections.pooling    : HHH10001005: Database info:
	Database JDBC URL [Connecting through datasource 'HikariDataSource (HikariPool-1)']
	Database driver: undefined/unknown
	Database version: 8.0.43
	Autocommit mode: undefined/unknown
	Isolation level: undefined/unknown
	Minimum pool size: undefined/unknown
	Maximum pool size: undefined/unknown
2025-09-30T13:03:41.603+05:30  INFO 23168 --- [neosoftToDo] [main] c.n.neosoftToDo.NeosoftToDoApplication   : Starting NeosoftToDoApplication using Java 17.0.12 with PID 23168 (C:\Users\Client\Desktop\neosoftToDo\target\classes started by Client in C:\Users\Client\Desktop\neosoftToDo)
2025-09-30T13:03:41.607+05:30  INFO 23168 --- [neosoftToDo] [main] c.n.neosoftToDo.NeosoftToDoApplication   : No active profile set, falling back to 1 default profile: "default"
2025-09-30T13:03:42.259+05:30  INFO 26460 --- [neosoftToDo] [main] o.h.e.t.j.p.i.JtaPlatformInitiator       : HHH000489: No JTA platform available (set 'hibernate.transaction.jta.platform' to enable JTA platform integration)
2025-09-30T13:03:42.329+05:30  INFO 26460 --- [neosoftToDo] [main] j.LocalContainerEntityManagerFactoryBean : Initialized JPA EntityManagerFactory for persistence unit 'default'
2025-09-30T13:03:42.586+05:30  INFO 23168 --- [neosoftToDo] [main] .s.d.r.c.RepositoryConfigurationDelegate : Bootstrapping Spring Data JPA repositories in DEFAULT mode.
2025-09-30T13:03:42.691+05:30  INFO 23168 --- [neosoftToDo] [main] .s.d.r.c.RepositoryConfigurationDelegate : Finished Spring Data repository scanning in 74 ms. Found 1 JPA repository interface.
2025-09-30T13:03:42.713+05:30  WARN 26460 --- [neosoftToDo] [main] JpaBaseConfiguration$JpaWebConfiguration : spring.jpa.open-in-view is enabled by default. Therefore, database queries may be performed during view rendering. Explicitly configure spring.jpa.open-in-view to disable this warning
2025-09-30T13:03:43.562+05:30  INFO 26460 --- [neosoftToDo] [main] o.s.b.w.embedded.tomcat.TomcatWebServer  : Tomcat started on port 8080 (http) with context path '/'
2025-09-30T13:03:43.573+05:30  INFO 26460 --- [neosoftToDo] [main] c.n.neosoftToDo.NeosoftToDoApplication   : Started NeosoftToDoApplication in 5.617 seconds (process running for 5.991)
2025-09-30T13:03:43.582+05:30  INFO 23168 --- [neosoftToDo] [main] o.s.b.w.embedded.tomcat.TomcatWebServer  : Tomcat initialized with port 8080 (http)
2025-09-30T13:03:43.600+05:30  INFO 23168 --- [neosoftToDo] [main] o.apache.catalina.core.StandardService   : Starting service [Tomcat]
2025-09-30T13:03:43.600+05:30  INFO 23168 --- [neosoftToDo] [main] o.apache.catalina.core.StandardEngine    : Starting Servlet engine: [Apache Tomcat/10.1.46]
2025-09-30T13:03:43.661+05:30  INFO 23168 --- [neosoftToDo] [main] o.a.c.c.C.[Tomcat].[localhost].[/]       : Initializing Spring embedded WebApplicationContext
2025-09-30T13:03:43.661+05:30  INFO 23168 --- [neosoftToDo] [main] w.s.c.ServletWebServerApplicationContext : Root WebApplicationContext: initialization completed in 1974 ms
2025-09-30T13:03:43.892+05:30  INFO 23168 --- [neosoftToDo] [main] o.hibernate.jpa.internal.util.LogHelper  : HHH000204: Processing PersistenceUnitInfo [name: default]
2025-09-30T13:03:43.951+05:30  INFO 23168 --- [neosoftToDo] [main] org.hibernate.Version                    : HHH000412: Hibernate ORM core version 6.6.29.Final
2025-09-30T13:03:43.981+05:30  INFO 23168 --- [neosoftToDo] [main] o.h.c.internal.RegionFactoryInitiator    : HHH000026: Second-level cache disabled
2025-09-30T13:03:44.243+05:30  INFO 23168 --- [neosoftToDo] [main] o.s.o.j.p.SpringPersistenceUnitInfo      : No LoadTimeWeaver setup: ignoring JPA class transformer
2025-09-30T13:03:44.266+05:30  INFO 23168 --- [neosoftToDo] [main] com.zaxxer.hikari.HikariDataSource       : HikariPool-1 - Starting...
2025-09-30T13:03:44.400+05:30  INFO 23168 --- [neosoftToDo] [main] com.zaxxer.hikari.pool.HikariPool        : HikariPool-1 - Added connection com.mysql.cj.jdbc.ConnectionImpl@21f50d2c
2025-09-30T13:03:44.403+05:30  INFO 23168 --- [neosoftToDo] [main] com.zaxxer.hikari.HikariDataSource       : HikariPool-1 - Start completed.
2025-09-30T13:03:44.489+05:30  INFO 23168 --- [neosoftToDo] [main] org.hibernate.orm.connections.pooling    : HHH10001005: Database info:
	Database JDBC URL [Connecting through datasource 'HikariDataSource (HikariPool-1)']
	Database driver: undefined/unknown
	Database version: 8.0.43
	Autocommit mode: undefined/unknown
	Isolation level: undefined/unknown
	Minimum pool size: undefined/unknown
	Maximum pool size: undefined/unknown
2025-09-30T13:03:45.125+05:30  INFO 23168 --- [neosoftToDo] [main] o.h.e.t.j.p.i.JtaPlatformInitiator       : HHH000489: No JTA platform available (set 'hibernate.transaction.jta.platform' to enable JTA platform integration)
2025-09-30T13:03:45.161+05:30  INFO 23168 --- [neosoftToDo] [main] j.LocalContainerEntityManagerFactoryBean : Initialized JPA EntityManagerFactory for persistence unit 'default'
2025-09-30T13:03:45.412+05:30  WARN 23168 --- [neosoftToDo] [main] JpaBaseConfiguration$JpaWebConfiguration : spring.jpa.open-in-view is enabled by default. Therefore, database queries may be performed during view rendering. Explicitly configure spring.jpa.open-in-view to disable this warning
2025-09-30T13:03:45.851+05:30  WARN 23168 --- [neosoftToDo] [main] ConfigServletWebServerApplicationContext : Exception encountered during context initialization - cancelling refresh attempt: org.springframework.context.ApplicationContextException: Failed to start bean 'webServerStartStop'
2025-09-30T13:03:45.853+05:30  INFO 23168 --- [neosoftToDo] [main] j.LocalContainerEntityManagerFactoryBean : Closing JPA EntityManagerFactory for persistence unit 'default'
2025-09-30T13:03:45.855+05:30  INFO 23168 --- [neosoftToDo] [main] com.zaxxer.hikari.HikariDataSource       : HikariPool-1 - Shutdown initiated...
2025-09-30T13:03:45.864+05:30  INFO 23168 --- [neosoftToDo] [main] com.zaxxer.hikari.HikariDataSource       : HikariPool-1 - Shutdown completed.
2025-09-30T13:03:45.875+05:30  INFO 23168 --- [neosoftToDo] [main] .s.b.a.l.ConditionEvaluationReportLogger : 

Error starting ApplicationContext. To display the condition evaluation report re-run your application with 'debug' enabled.
2025-09-30T13:03:45.891+05:30 ERROR 23168 --- [neosoftToDo] [main] o.s.b.d.LoggingFailureAnalysisReporter   : 

***************************
APPLICATION FAILED TO START
***************************

Description:

Web server failed to start. Port 8080 was already in use.

Action:

Identify and stop the process that's listening on port 8080 or configure this application to listen on another port.

2025-09-30T13:03:48.361+05:30  INFO 26460 --- [neosoftToDo] [SpringApplicationShutdownHook] o.s.b.w.e.tomcat.GracefulShutdown        : Commencing graceful shutdown. Waiting for active requests to complete
2025-09-30T13:03:48.467+05:30  INFO 26460 --- [neosoftToDo] [tomcat-shutdown] o.s.b.w.e.tomcat.GracefulShutdown        : Graceful shutdown complete
2025-09-30T13:03:48.470+05:30  INFO 26460 --- [neosoftToDo] [SpringApplicationShutdownHook] j.LocalContainerEntityManagerFactoryBean : Closing JPA EntityManagerFactory for persistence unit 'default'
2025-09-30T13:03:48.473+05:30  INFO 26460 --- [neosoftToDo] [SpringApplicationShutdownHook] com.zaxxer.hikari.HikariDataSource       : HikariPool-1 - Shutdown initiated...
2025-09-30T13:03:48.481+05:30  INFO 26460 --- [neosoftToDo] [SpringApplicationShutdownHook] com.zaxxer.hikari.HikariDataSource       : HikariPool-1 - Shutdown completed.
2025-09-30T13:03:55.926+05:30  INFO 18060 --- [neosoftToDo] [main] c.n.neosoftToDo.NeosoftToDoApplication   : Starting NeosoftToDoApplication using Java 17.0.12 with PID 18060 (C:\Users\Client\Desktop\neosoftToDo\target\classes started by Client in C:\Users\Client\Desktop\neosoftToDo)
2025-09-30T13:03:55.930+05:30  INFO 18060 --- [neosoftToDo] [main] c.n.neosoftToDo.NeosoftToDoApplication   : No active profile set, falling back to 1 default profile: "default"
2025-09-30T13:03:56.692+05:30  INFO 18060 --- [neosoftToDo] [main] .s.d.r.c.RepositoryConfigurationDelegate : Bootstrapping Spring Data JPA repositories in DEFAULT mode.
2025-09-30T13:03:56.777+05:30  INFO 18060 --- [neosoftToDo] [main] .s.d.r.c.RepositoryConfigurationDelegate : Finished Spring Data repository scanning in 65 ms. Found 1 JPA repository interface.
2025-09-30T13:03:57.308+05:30  INFO 18060 --- [neosoftToDo] [main] o.s.b.w.embedded.tomcat.TomcatWebServer  : Tomcat initialized with port 8080 (http)
2025-09-30T13:03:57.318+05:30  INFO 18060 --- [neosoftToDo] [main] o.apache.catalina.core.StandardService   : Starting service [Tomcat]
2025-09-30T13:03:57.319+05:30  INFO 18060 --- [neosoftToDo] [main] o.apache.catalina.core.StandardEngine    : Starting Servlet engine: [Apache Tomcat/10.1.46]
2025-09-30T13:03:57.376+05:30  INFO 18060 --- [neosoftToDo] [main] o.a.c.c.C.[Tomcat].[localhost].[/]       : Initializing Spring embedded WebApplicationContext
2025-09-30T13:03:57.377+05:30  INFO 18060 --- [neosoftToDo] [main] w.s.c.ServletWebServerApplicationContext : Root WebApplicationContext: initialization completed in 1385 ms
2025-09-30T13:03:57.582+05:30  INFO 18060 --- [neosoftToDo] [main] o.hibernate.jpa.internal.util.LogHelper  : HHH000204: Processing PersistenceUnitInfo [name: default]
2025-09-30T13:03:57.636+05:30  INFO 18060 --- [neosoftToDo] [main] org.hibernate.Version                    : HHH000412: Hibernate ORM core version 6.6.29.Final
2025-09-30T13:03:57.673+05:30  INFO 18060 --- [neosoftToDo] [main] o.h.c.internal.RegionFactoryInitiator    : HHH000026: Second-level cache disabled
2025-09-30T13:03:57.932+05:30  INFO 18060 --- [neosoftToDo] [main] o.s.o.j.p.SpringPersistenceUnitInfo      : No LoadTimeWeaver setup: ignoring JPA class transformer
2025-09-30T13:03:57.960+05:30  INFO 18060 --- [neosoftToDo] [main] com.zaxxer.hikari.HikariDataSource       : HikariPool-1 - Starting...
2025-09-30T13:03:58.118+05:30  INFO 18060 --- [neosoftToDo] [main] com.zaxxer.hikari.pool.HikariPool        : HikariPool-1 - Added connection com.mysql.cj.jdbc.ConnectionImpl@50df37eb
2025-09-30T13:03:58.119+05:30  INFO 18060 --- [neosoftToDo] [main] com.zaxxer.hikari.HikariDataSource       : HikariPool-1 - Start completed.
2025-09-30T13:03:58.197+05:30  INFO 18060 --- [neosoftToDo] [main] org.hibernate.orm.connections.pooling    : HHH10001005: Database info:
	Database JDBC URL [Connecting through datasource 'HikariDataSource (HikariPool-1)']
	Database driver: undefined/unknown
	Database version: 8.0.43
	Autocommit mode: undefined/unknown
	Isolation level: undefined/unknown
	Minimum pool size: undefined/unknown
	Maximum pool size: undefined/unknown
2025-09-30T13:03:58.809+05:30  INFO 18060 --- [neosoftToDo] [main] o.h.e.t.j.p.i.JtaPlatformInitiator       : HHH000489: No JTA platform available (set 'hibernate.transaction.jta.platform' to enable JTA platform integration)
2025-09-30T13:03:58.850+05:30  INFO 18060 --- [neosoftToDo] [main] j.LocalContainerEntityManagerFactoryBean : Initialized JPA EntityManagerFactory for persistence unit 'default'
2025-09-30T13:03:59.113+05:30  WARN 18060 --- [neosoftToDo] [main] JpaBaseConfiguration$JpaWebConfiguration : spring.jpa.open-in-view is enabled by default. Therefore, database queries may be performed during view rendering. Explicitly configure spring.jpa.open-in-view to disable this warning
2025-09-30T13:03:59.595+05:30  INFO 18060 --- [neosoftToDo] [main] o.s.b.w.embedded.tomcat.TomcatWebServer  : Tomcat started on port 8080 (http) with context path '/'
2025-09-30T13:03:59.605+05:30  INFO 18060 --- [neosoftToDo] [main] c.n.neosoftToDo.NeosoftToDoApplication   : Started NeosoftToDoApplication in 4.105 seconds (process running for 4.422)
2025-09-30T13:04:20.701+05:30  INFO 18060 --- [neosoftToDo] [http-nio-8080-exec-1] o.a.c.c.C.[Tomcat].[localhost].[/]       : Initializing Spring DispatcherServlet 'dispatcherServlet'
2025-09-30T13:04:20.702+05:30  INFO 18060 --- [neosoftToDo] [http-nio-8080-exec-1] o.s.web.servlet.DispatcherServlet        : Initializing Servlet 'dispatcherServlet'
2025-09-30T13:04:20.705+05:30  INFO 18060 --- [neosoftToDo] [http-nio-8080-exec-1] o.s.web.servlet.DispatcherServlet        : Completed initialization in 3 ms
2025-09-30T13:05:21.179+05:30  INFO 18060 --- [neosoftToDo] [http-nio-8080-exec-6] c.n.n.Controller.TodoController          : Fetching all todos
2025-09-30T13:46:35.334+05:30  WARN 18060 --- [neosoftToDo] [HikariPool-1 housekeeper] com.zaxxer.hikari.pool.HikariPool        : HikariPool-1 - Thread starvation or clock leap detected (housekeeper delta=7m36s641ms46µs500ns).
